Created by PLY version 3.11 (http://www.dabeaz.com/ply)

Unused terminals:

    ABSTRACT
    ADD
    ADD_ASSIGN
    AND
    AND_ASSIGN
    ARROW
    ASSERT
    ASSIGN
    ATRATE
    BINARY_LIT
    BOOLEAN
    BOOL_LIT
    BREAK
    BYTE
    CASE
    CATCH
    CHAR
    CHAR_LIT
    CLASS
    COLON
    COLON_SEP
    COMMA
    COMMENT
    CONST
    CONTINUE
    DEC
    DECIMAL_LIT
    DEFAULT
    DO
    DOUBLE
    ELLIPSIS
    ELSE
    ENUM
    EQL
    EXTENDS
    FINAL
    FINALLY
    FLOAT
    FLOAT_DEC_LIT
    FLOAT_HEX_LIT
    FOR
    GEQ
    GOTO
    GTR
    HEX_LIT
    IDENT
    IF
    IMPLEMENTS
    IMPORT
    INC
    INSTANCEOF
    INT
    INTERFACE
    LAND
    LBRACE
    LBRACK
    LEQ
    LNOT
    LONG
    LOR
    LPAREN
    LSS
    MUL
    MUL_ASSIGN
    NATIVE
    NEQ
    NEW
    NOT
    NULL_LIT
    OCTAL_LIT
    OR
    OR_ASSIGN
    PACKAGE
    PERIOD
    PRIVATE
    PROTECTED
    PUBLIC
    QUES
    QUO
    QUO_ASSIGN
    RBRACE
    RBRACK
    REM
    REM_ASSIGN
    RETURN
    RPAREN
    SEMICOLON
    SHL
    SHL_ASSIGN
    SHORT
    SHR
    SHR_ASSIGN
    SHR_UN
    SHR_UN_ASSIGN
    STATIC
    STRICTFP
    STRING_LIT
    SUB
    SUB_ASSIGN
    SUPER
    SWITCH
    SYNCHRONIZED
    THIS
    THROW
    THROWS
    TRANSIENT
    TRY
    UNCLOSED_CHAR
    UNCLOSED_STR
    VOID
    VOLATILE
    WHILE
    XOR
    XOR_ASSIGN

Grammar

Rule 0     S' -> epsilon
Rule 1     epsilon -> <empty>

Terminals, with rules where they appear

ABSTRACT             : 
ADD                  : 
ADD_ASSIGN           : 
AND                  : 
AND_ASSIGN           : 
ARROW                : 
ASSERT               : 
ASSIGN               : 
ATRATE               : 
BINARY_LIT           : 
BOOLEAN              : 
BOOL_LIT             : 
BREAK                : 
BYTE                 : 
CASE                 : 
CATCH                : 
CHAR                 : 
CHAR_LIT             : 
CLASS                : 
COLON                : 
COLON_SEP            : 
COMMA                : 
COMMENT              : 
CONST                : 
CONTINUE             : 
DEC                  : 
DECIMAL_LIT          : 
DEFAULT              : 
DO                   : 
DOUBLE               : 
ELLIPSIS             : 
ELSE                 : 
ENUM                 : 
EQL                  : 
EXTENDS              : 
FINAL                : 
FINALLY              : 
FLOAT                : 
FLOAT_DEC_LIT        : 
FLOAT_HEX_LIT        : 
FOR                  : 
GEQ                  : 
GOTO                 : 
GTR                  : 
HEX_LIT              : 
IDENT                : 
IF                   : 
IMPLEMENTS           : 
IMPORT               : 
INC                  : 
INSTANCEOF           : 
INT                  : 
INTERFACE            : 
LAND                 : 
LBRACE               : 
LBRACK               : 
LEQ                  : 
LNOT                 : 
LONG                 : 
LOR                  : 
LPAREN               : 
LSS                  : 
MUL                  : 
MUL_ASSIGN           : 
NATIVE               : 
NEQ                  : 
NEW                  : 
NOT                  : 
NULL_LIT             : 
OCTAL_LIT            : 
OR                   : 
OR_ASSIGN            : 
PACKAGE              : 
PERIOD               : 
PRIVATE              : 
PROTECTED            : 
PUBLIC               : 
QUES                 : 
QUO                  : 
QUO_ASSIGN           : 
RBRACE               : 
RBRACK               : 
REM                  : 
REM_ASSIGN           : 
RETURN               : 
RPAREN               : 
SEMICOLON            : 
SHL                  : 
SHL_ASSIGN           : 
SHORT                : 
SHR                  : 
SHR_ASSIGN           : 
SHR_UN               : 
SHR_UN_ASSIGN        : 
STATIC               : 
STRICTFP             : 
STRING_LIT           : 
SUB                  : 
SUB_ASSIGN           : 
SUPER                : 
SWITCH               : 
SYNCHRONIZED         : 
THIS                 : 
THROW                : 
THROWS               : 
TRANSIENT            : 
TRY                  : 
UNCLOSED_CHAR        : 
UNCLOSED_STR         : 
VOID                 : 
VOLATILE             : 
WHILE                : 
XOR                  : 
XOR_ASSIGN           : 
error                : 

Nonterminals, with rules where they appear

epsilon              : 0

Parsing method: LALR

state 0

    (0) S' -> . epsilon
    (1) epsilon -> .

    $end            reduce using rule 1 (epsilon -> .)

    epsilon                        shift and go to state 1

state 1

    (0) S' -> epsilon .


